
========================[ Oct 28, 2023  8:30 PM ]========================
Version 2.2.26 [Sep-21-2011]
Started database file "/home/emhernan/1_BBH_TFs/ECdb/GCF_000005845.2_ASM584v2_protein.faaed"
Formatted 4285 sequences in volume 0
SUCCESS: formatted database /home/emhernan/1_BBH_TFs/ECdb/GCF_000005845.2_ASM584v2_protein.faaed

========================[ Oct 28, 2023  8:30 PM ]========================
Version 2.2.26 [Sep-21-2011]
Started database file "/home/emhernan/1_BBH_TFs/RZdb/GCF_000268285.2_RPHCH2410v2_protein.faaed"
Formatted 6196 sequences in volume 0
SUCCESS: formatted database /home/emhernan/1_BBH_TFs/RZdb/GCF_000268285.2_RPHCH2410v2_protein.faaed

========================[ Oct 28, 2023  8:35 PM ]========================
Version 2.2.26 [Sep-21-2011]
Started database file "/home/emhernan/1_BBH_TFs/ECdb/GCF_000005845.2_ASM584v2_protein.faaed"
Formatted 4285 sequences in volume 0
SUCCESS: formatted database /home/emhernan/1_BBH_TFs/ECdb/GCF_000005845.2_ASM584v2_protein.faaed

========================[ Oct 28, 2023  8:36 PM ]========================
Version 2.2.26 [Sep-21-2011]
Started database file "/home/emhernan/1_BBH_TFs/RZdb/GCF_000268285.2_RPHCH2410v2_protein.faaed"
Formatted 6196 sequences in volume 0
SUCCESS: formatted database /home/emhernan/1_BBH_TFs/RZdb/GCF_000268285.2_RPHCH2410v2_protein.faaed

========================[ Oct 29, 2023  9:05 PM ]========================
Version 2.2.26 [Sep-21-2011]
Started database file "/home/emhernan/1_BBH_TFs/ECdb/GCF_000005845.2_ASM584v2_protein.faaed"
Formatted 4285 sequences in volume 0
SUCCESS: formatted database /home/emhernan/1_BBH_TFs/ECdb/GCF_000005845.2_ASM584v2_protein.faaed

========================[ Oct 29, 2023  9:05 PM ]========================
Version 2.2.26 [Sep-21-2011]
Started database file "/home/emhernan/1_BBH_TFs/RZdb/GCF_000268285.2_RPHCH2410v2_protein.faaed"
Formatted 6196 sequences in volume 0
SUCCESS: formatted database /home/emhernan/1_BBH_TFs/RZdb/GCF_000268285.2_RPHCH2410v2_protein.faaed

========================[ Oct 29, 2023 10:57 PM ]========================
Version 2.2.26 [Sep-21-2011]
Started database file "/home/emhernan/1_BBH_TFs/ECdb/GCF_000005845.2_ASM584v2_protein.faaed"
Formatted 4285 sequences in volume 0
SUCCESS: formatted database /home/emhernan/1_BBH_TFs/ECdb/GCF_000005845.2_ASM584v2_protein.faaed

========================[ Oct 29, 2023 10:57 PM ]========================
Version 2.2.26 [Sep-21-2011]
Started database file "/home/emhernan/1_BBH_TFs/RZdb/GCF_000268285.2_RPHCH2410v2_protein.faaed"
Formatted 6196 sequences in volume 0
SUCCESS: formatted database /home/emhernan/1_BBH_TFs/RZdb/GCF_000268285.2_RPHCH2410v2_protein.faaed
